The system is: Linux - 5.15.167.4-microsoft-standard-WSL2 - x86_64
Compiling the C compiler identification source file "CMakeCCompilerId.c" succeeded.
Compiler: /usr/bin/clang 
Build flags: 
Id flags:  

The output was:
0


Compilation of the C compiler identification source "CMakeCCompilerId.c" produced "a.out"

The C compiler identification is Clang, found in "/mnt/c/code/build/CMakeFiles/3.25.1/CompilerIdC/a.out"

Compiling the CXX compiler identification source file "CMakeCXXCompilerId.cpp" succeeded.
Compiler: /usr/bin/clang++ 
Build flags: 
Id flags:  

The output was:
0


Compilation of the CXX compiler identification source "CMakeCXXCompilerId.cpp" produced "a.out"

The CXX compiler identification is Clang, found in "/mnt/c/code/build/CMakeFiles/3.25.1/CompilerIdCXX/a.out"

Detecting C compiler ABI info compiled with the following output:
Change Dir: /mnt/c/code/build/CMakeFiles/CMakeScratch/TryCompile-JhQ9wc

Run Build Command(s):/usr/bin/gmake -f Makefile cmTC_28d29/fast && /usr/bin/gmake  -f CMakeFiles/cmTC_28d29.dir/build.make CMakeFiles/cmTC_28d29.dir/build
gmake[1]: Entering directory '/mnt/c/code/build/CMakeFiles/CMakeScratch/TryCompile-JhQ9wc'
Building C object CMakeFiles/cmTC_28d29.dir/CMakeCCompilerABI.c.o
/usr/bin/clang   -v -MD -MT CMakeFiles/cmTC_28d29.dir/CMakeCCompilerABI.c.o -MF CMakeFiles/cmTC_28d29.dir/CMakeCCompilerABI.c.o.d -o CMakeFiles/cmTC_28d29.dir/CMakeCCompilerABI.c.o -c /usr/share/cmake-3.25/Modules/CMakeCCompilerABI.c
Ubuntu clang version 15.0.7
Target: x86_64-pc-linux-gnu
Thread model: posix
InstalledDir: /usr/bin
Found candidate GCC installation: /usr/bin/../lib/gcc/x86_64-linux-gnu/12
Selected GCC installation: /usr/bin/../lib/gcc/x86_64-linux-gnu/12
Candidate multilib: .;@m64
Selected multilib: .;@m64
Found CUDA installation: /usr/local/cuda-12.6, version 
 (in-process)
 "/usr/lib/llvm-15/bin/clang" -cc1 -triple x86_64-pc-linux-gnu -emit-obj -mrelax-all --mrelax-relocations -disable-free -clear-ast-before-backend -disable-llvm-verifier -discard-value-names -main-file-name CMakeCCompilerABI.c -mrelocation-model pic -pic-level 2 -pic-is-pie -mframe-pointer=all -fmath-errno -ffp-contract=on -fno-rounding-math -mconstructor-aliases -funwind-tables=2 -target-cpu x86-64 -tune-cpu generic -mllvm -treat-scalable-fixed-error-as-warning -debugger-tuning=gdb -v -fcoverage-compilation-dir=/mnt/c/code/build/CMakeFiles/CMakeScratch/TryCompile-JhQ9wc -resource-dir /usr/lib/llvm-15/lib/clang/15.0.7 -dependency-file CMakeFiles/cmTC_28d29.dir/CMakeCCompilerABI.c.o.d -MT CMakeFiles/cmTC_28d29.dir/CMakeCCompilerABI.c.o -sys-header-deps -internal-isystem /usr/lib/llvm-15/lib/clang/15.0.7/include -internal-isystem /usr/local/include -internal-isystem /usr/bin/../lib/gcc/x86_64-linux-gnu/12/../../../../x86_64-linux-gnu/include -internal-externc-isystem /usr/include/x86_64-linux-gnu -internal-externc-isystem /include -internal-externc-isystem /usr/include -fdebug-compilation-dir=/mnt/c/code/build/CMakeFiles/CMakeScratch/TryCompile-JhQ9wc -ferror-limit 19 -fgnuc-version=4.2.1 -faddrsig -D__GCC_HAVE_DWARF2_CFI_ASM=1 -o CMakeFiles/cmTC_28d29.dir/CMakeCCompilerABI.c.o -x c /usr/share/cmake-3.25/Modules/CMakeCCompilerABI.c
clang -cc1 version 15.0.7 based upon LLVM 15.0.7 default target x86_64-pc-linux-gnu
ignoring nonexistent directory "/usr/bin/../lib/gcc/x86_64-linux-gnu/12/../../../../x86_64-linux-gnu/include"
ignoring nonexistent directory "/include"
#include "..." search starts here:
#include <...> search starts here:
 /usr/lib/llvm-15/lib/clang/15.0.7/include
 /usr/local/include
 /usr/include/x86_64-linux-gnu
 /usr/include
End of search list.
Linking C executable cmTC_28d29
/usr/bin/cmake -E cmake_link_script CMakeFiles/cmTC_28d29.dir/link.txt --verbose=1
/usr/bin/clang  -v CMakeFiles/cmTC_28d29.dir/CMakeCCompilerABI.c.o -o cmTC_28d29 
Ubuntu clang version 15.0.7
Target: x86_64-pc-linux-gnu
Thread model: posix
InstalledDir: /usr/bin
Found candidate GCC installation: /usr/bin/../lib/gcc/x86_64-linux-gnu/12
Selected GCC installation: /usr/bin/../lib/gcc/x86_64-linux-gnu/12
Candidate multilib: .;@m64
Selected multilib: .;@m64
Found CUDA installation: /usr/local/cuda-12.6, version 
 "/usr/bin/ld" -pie --hash-style=both --build-id --eh-frame-hdr -m elf_x86_64 -dynamic-linker /lib64/ld-linux-x86-64.so.2 -o cmTC_28d29 /lib/x86_64-linux-gnu/Scrt1.o /lib/x86_64-linux-gnu/crti.o /usr/bin/../lib/gcc/x86_64-linux-gnu/12/crtbeginS.o -L/usr/bin/../lib/gcc/x86_64-linux-gnu/12 -L/usr/bin/../lib/gcc/x86_64-linux-gnu/12/../../../../lib64 -L/lib/x86_64-linux-gnu -L/lib/../lib64 -L/usr/lib/x86_64-linux-gnu -L/usr/lib/../lib64 -L/lib -L/usr/lib CMakeFiles/cmTC_28d29.dir/CMakeCCompilerABI.c.o -lgcc --as-needed -lgcc_s --no-as-needed -lc -lgcc --as-needed -lgcc_s --no-as-needed /usr/bin/../lib/gcc/x86_64-linux-gnu/12/crtendS.o /lib/x86_64-linux-gnu/crtn.o
gmake[1]: Leaving directory '/mnt/c/code/build/CMakeFiles/CMakeScratch/TryCompile-JhQ9wc'



Parsed C implicit include dir info from above output: rv=done
  found start of include info
  found start of implicit include info
    add: [/usr/lib/llvm-15/lib/clang/15.0.7/include]
    add: [/usr/local/include]
    add: [/usr/include/x86_64-linux-gnu]
    add: [/usr/include]
  end of search list found
  collapse include dir [/usr/lib/llvm-15/lib/clang/15.0.7/include] ==> [/usr/lib/llvm-15/lib/clang/15.0.7/include]
  collapse include dir [/usr/local/include] ==> [/usr/local/include]
  collapse include dir [/usr/include/x86_64-linux-gnu] ==> [/usr/include/x86_64-linux-gnu]
  collapse include dir [/usr/include] ==> [/usr/include]
  implicit include dirs: [/usr/lib/llvm-15/lib/clang/15.0.7/include;/usr/local/include;/usr/include/x86_64-linux-gnu;/usr/include]


Parsed C implicit link information from above output:
  link line regex: [^( *|.*[/\])(ld|CMAKE_LINK_STARTFILE-NOTFOUND|([^/\]+-)?ld|collect2)[^/\]*( |$)]
  ignore line: [Change Dir: /mnt/c/code/build/CMakeFiles/CMakeScratch/TryCompile-JhQ9wc]
  ignore line: []
  ignore line: [Run Build Command(s):/usr/bin/gmake -f Makefile cmTC_28d29/fast && /usr/bin/gmake  -f CMakeFiles/cmTC_28d29.dir/build.make CMakeFiles/cmTC_28d29.dir/build]
  ignore line: [gmake[1]: Entering directory '/mnt/c/code/build/CMakeFiles/CMakeScratch/TryCompile-JhQ9wc']
  ignore line: [Building C object CMakeFiles/cmTC_28d29.dir/CMakeCCompilerABI.c.o]
  ignore line: [/usr/bin/clang   -v -MD -MT CMakeFiles/cmTC_28d29.dir/CMakeCCompilerABI.c.o -MF CMakeFiles/cmTC_28d29.dir/CMakeCCompilerABI.c.o.d -o CMakeFiles/cmTC_28d29.dir/CMakeCCompilerABI.c.o -c /usr/share/cmake-3.25/Modules/CMakeCCompilerABI.c]
  ignore line: [Ubuntu clang version 15.0.7]
  ignore line: [Target: x86_64-pc-linux-gnu]
  ignore line: [Thread model: posix]
  ignore line: [InstalledDir: /usr/bin]
  ignore line: [Found candidate GCC installation: /usr/bin/../lib/gcc/x86_64-linux-gnu/12]
  ignore line: [Selected GCC installation: /usr/bin/../lib/gcc/x86_64-linux-gnu/12]
  ignore line: [Candidate multilib: .]
  ignore line: [@m64]
  ignore line: [Selected multilib: .]
  ignore line: [@m64]
  ignore line: [Found CUDA installation: /usr/local/cuda-12.6  version ]
  ignore line: [ (in-process)]
  ignore line: [ "/usr/lib/llvm-15/bin/clang" -cc1 -triple x86_64-pc-linux-gnu -emit-obj -mrelax-all --mrelax-relocations -disable-free -clear-ast-before-backend -disable-llvm-verifier -discard-value-names -main-file-name CMakeCCompilerABI.c -mrelocation-model pic -pic-level 2 -pic-is-pie -mframe-pointer=all -fmath-errno -ffp-contract=on -fno-rounding-math -mconstructor-aliases -funwind-tables=2 -target-cpu x86-64 -tune-cpu generic -mllvm -treat-scalable-fixed-error-as-warning -debugger-tuning=gdb -v -fcoverage-compilation-dir=/mnt/c/code/build/CMakeFiles/CMakeScratch/TryCompile-JhQ9wc -resource-dir /usr/lib/llvm-15/lib/clang/15.0.7 -dependency-file CMakeFiles/cmTC_28d29.dir/CMakeCCompilerABI.c.o.d -MT CMakeFiles/cmTC_28d29.dir/CMakeCCompilerABI.c.o -sys-header-deps -internal-isystem /usr/lib/llvm-15/lib/clang/15.0.7/include -internal-isystem /usr/local/include -internal-isystem /usr/bin/../lib/gcc/x86_64-linux-gnu/12/../../../../x86_64-linux-gnu/include -internal-externc-isystem /usr/include/x86_64-linux-gnu -internal-externc-isystem /include -internal-externc-isystem /usr/include -fdebug-compilation-dir=/mnt/c/code/build/CMakeFiles/CMakeScratch/TryCompile-JhQ9wc -ferror-limit 19 -fgnuc-version=4.2.1 -faddrsig -D__GCC_HAVE_DWARF2_CFI_ASM=1 -o CMakeFiles/cmTC_28d29.dir/CMakeCCompilerABI.c.o -x c /usr/share/cmake-3.25/Modules/CMakeCCompilerABI.c]
  ignore line: [clang -cc1 version 15.0.7 based upon LLVM 15.0.7 default target x86_64-pc-linux-gnu]
  ignore line: [ignoring nonexistent directory "/usr/bin/../lib/gcc/x86_64-linux-gnu/12/../../../../x86_64-linux-gnu/include"]
  ignore line: [ignoring nonexistent directory "/include"]
  ignore line: [#include "..." search starts here:]
  ignore line: [#include <...> search starts here:]
  ignore line: [ /usr/lib/llvm-15/lib/clang/15.0.7/include]
  ignore line: [ /usr/local/include]
  ignore line: [ /usr/include/x86_64-linux-gnu]
  ignore line: [ /usr/include]
  ignore line: [End of search list.]
  ignore line: [Linking C executable cmTC_28d29]
  ignore line: [/usr/bin/cmake -E cmake_link_script CMakeFiles/cmTC_28d29.dir/link.txt --verbose=1]
  ignore line: [/usr/bin/clang  -v CMakeFiles/cmTC_28d29.dir/CMakeCCompilerABI.c.o -o cmTC_28d29 ]
  ignore line: [Ubuntu clang version 15.0.7]
  ignore line: [Target: x86_64-pc-linux-gnu]
  ignore line: [Thread model: posix]
  ignore line: [InstalledDir: /usr/bin]
  ignore line: [Found candidate GCC installation: /usr/bin/../lib/gcc/x86_64-linux-gnu/12]
  ignore line: [Selected GCC installation: /usr/bin/../lib/gcc/x86_64-linux-gnu/12]
  ignore line: [Candidate multilib: .]
  ignore line: [@m64]
  ignore line: [Selected multilib: .]
  ignore line: [@m64]
  ignore line: [Found CUDA installation: /usr/local/cuda-12.6  version ]
  link line: [ "/usr/bin/ld" -pie --hash-style=both --build-id --eh-frame-hdr -m elf_x86_64 -dynamic-linker /lib64/ld-linux-x86-64.so.2 -o cmTC_28d29 /lib/x86_64-linux-gnu/Scrt1.o /lib/x86_64-linux-gnu/crti.o /usr/bin/../lib/gcc/x86_64-linux-gnu/12/crtbeginS.o -L/usr/bin/../lib/gcc/x86_64-linux-gnu/12 -L/usr/bin/../lib/gcc/x86_64-linux-gnu/12/../../../../lib64 -L/lib/x86_64-linux-gnu -L/lib/../lib64 -L/usr/lib/x86_64-linux-gnu -L/usr/lib/../lib64 -L/lib -L/usr/lib CMakeFiles/cmTC_28d29.dir/CMakeCCompilerABI.c.o -lgcc --as-needed -lgcc_s --no-as-needed -lc -lgcc --as-needed -lgcc_s --no-as-needed /usr/bin/../lib/gcc/x86_64-linux-gnu/12/crtendS.o /lib/x86_64-linux-gnu/crtn.o]
    arg [/usr/bin/ld] ==> ignore
    arg [-pie] ==> ignore
    arg [--hash-style=both] ==> ignore
    arg [--build-id] ==> ignore
    arg [--eh-frame-hdr] ==> ignore
    arg [-m] ==> ignore
    arg [elf_x86_64] ==> ignore
    arg [-dynamic-linker] ==> ignore
    arg [/lib64/ld-linux-x86-64.so.2] ==> ignore
    arg [-o] ==> ignore
    arg [cmTC_28d29] ==> ignore
    arg [/lib/x86_64-linux-gnu/Scrt1.o] ==> obj [/lib/x86_64-linux-gnu/Scrt1.o]
    arg [/lib/x86_64-linux-gnu/crti.o] ==> obj [/lib/x86_64-linux-gnu/crti.o]
    arg [/usr/bin/../lib/gcc/x86_64-linux-gnu/12/crtbeginS.o] ==> obj [/usr/bin/../lib/gcc/x86_64-linux-gnu/12/crtbeginS.o]
    arg [-L/usr/bin/../lib/gcc/x86_64-linux-gnu/12] ==> dir [/usr/bin/../lib/gcc/x86_64-linux-gnu/12]
    arg [-L/usr/bin/../lib/gcc/x86_64-linux-gnu/12/../../../../lib64] ==> dir [/usr/bin/../lib/gcc/x86_64-linux-gnu/12/../../../../lib64]
    arg [-L/lib/x86_64-linux-gnu] ==> dir [/lib/x86_64-linux-gnu]
    arg [-L/lib/../lib64] ==> dir [/lib/../lib64]
    arg [-L/usr/lib/x86_64-linux-gnu] ==> dir [/usr/lib/x86_64-linux-gnu]
    arg [-L/usr/lib/../lib64] ==> dir [/usr/lib/../lib64]
    arg [-L/lib] ==> dir [/lib]
    arg [-L/usr/lib] ==> dir [/usr/lib]
    arg [CMakeFiles/cmTC_28d29.dir/CMakeCCompilerABI.c.o] ==> ignore
    arg [-lgcc] ==> lib [gcc]
    arg [--as-needed] ==> ignore
    arg [-lgcc_s] ==> lib [gcc_s]
    arg [--no-as-needed] ==> ignore
    arg [-lc] ==> lib [c]
    arg [-lgcc] ==> lib [gcc]
    arg [--as-needed] ==> ignore
    arg [-lgcc_s] ==> lib [gcc_s]
    arg [--no-as-needed] ==> ignore
    arg [/usr/bin/../lib/gcc/x86_64-linux-gnu/12/crtendS.o] ==> obj [/usr/bin/../lib/gcc/x86_64-linux-gnu/12/crtendS.o]
    arg [/lib/x86_64-linux-gnu/crtn.o] ==> obj [/lib/x86_64-linux-gnu/crtn.o]
  collapse obj [/usr/bin/../lib/gcc/x86_64-linux-gnu/12/crtbeginS.o] ==> [/usr/lib/gcc/x86_64-linux-gnu/12/crtbeginS.o]
  collapse obj [/usr/bin/../lib/gcc/x86_64-linux-gnu/12/crtendS.o] ==> [/usr/lib/gcc/x86_64-linux-gnu/12/crtendS.o]
  collapse library dir [/usr/bin/../lib/gcc/x86_64-linux-gnu/12] ==> [/usr/lib/gcc/x86_64-linux-gnu/12]
  collapse library dir [/usr/bin/../lib/gcc/x86_64-linux-gnu/12/../../../../lib64] ==> [/usr/lib64]
  collapse library dir [/lib/x86_64-linux-gnu] ==> [/lib/x86_64-linux-gnu]
  collapse library dir [/lib/../lib64] ==> [/lib64]
  collapse library dir [/usr/lib/x86_64-linux-gnu] ==> [/usr/lib/x86_64-linux-gnu]
  collapse library dir [/usr/lib/../lib64] ==> [/usr/lib64]
  collapse library dir [/lib] ==> [/lib]
  collapse library dir [/usr/lib] ==> [/usr/lib]
  implicit libs: [gcc;gcc_s;c;gcc;gcc_s]
  implicit objs: [/lib/x86_64-linux-gnu/Scrt1.o;/lib/x86_64-linux-gnu/crti.o;/usr/lib/gcc/x86_64-linux-gnu/12/crtbeginS.o;/usr/lib/gcc/x86_64-linux-gnu/12/crtendS.o;/lib/x86_64-linux-gnu/crtn.o]
  implicit dirs: [/usr/lib/gcc/x86_64-linux-gnu/12;/usr/lib64;/lib/x86_64-linux-gnu;/lib64;/usr/lib/x86_64-linux-gnu;/lib;/usr/lib]
  implicit fwks: []


Detecting CXX compiler ABI info compiled with the following output:
Change Dir: /mnt/c/code/build/CMakeFiles/CMakeScratch/TryCompile-8SncVU

Run Build Command(s):/usr/bin/gmake -f Makefile cmTC_89e22/fast && /usr/bin/gmake  -f CMakeFiles/cmTC_89e22.dir/build.make CMakeFiles/cmTC_89e22.dir/build
gmake[1]: Entering directory '/mnt/c/code/build/CMakeFiles/CMakeScratch/TryCompile-8SncVU'
Building CXX object CMakeFiles/cmTC_89e22.dir/CMakeCXXCompilerABI.cpp.o
/usr/bin/clang++   -v -MD -MT CMakeFiles/cmTC_89e22.dir/CMakeCXXCompilerABI.cpp.o -MF CMakeFiles/cmTC_89e22.dir/CMakeCXXCompilerABI.cpp.o.d -o CMakeFiles/cmTC_89e22.dir/CMakeCXXCompilerABI.cpp.o -c /usr/share/cmake-3.25/Modules/CMakeCXXCompilerABI.cpp
Ubuntu clang version 15.0.7
Target: x86_64-pc-linux-gnu
Thread model: posix
InstalledDir: /usr/bin
Found candidate GCC installation: /usr/bin/../lib/gcc/x86_64-linux-gnu/12
Selected GCC installation: /usr/bin/../lib/gcc/x86_64-linux-gnu/12
Candidate multilib: .;@m64
Selected multilib: .;@m64
Found CUDA installation: /usr/local/cuda-12.6, version 
 (in-process)
 "/usr/lib/llvm-15/bin/clang" -cc1 -triple x86_64-pc-linux-gnu -emit-obj -mrelax-all --mrelax-relocations -disable-free -clear-ast-before-backend -disable-llvm-verifier -discard-value-names -main-file-name CMakeCXXCompilerABI.cpp -mrelocation-model pic -pic-level 2 -pic-is-pie -mframe-pointer=all -fmath-errno -ffp-contract=on -fno-rounding-math -mconstructor-aliases -funwind-tables=2 -target-cpu x86-64 -tune-cpu generic -mllvm -treat-scalable-fixed-error-as-warning -debugger-tuning=gdb -v -fcoverage-compilation-dir=/mnt/c/code/build/CMakeFiles/CMakeScratch/TryCompile-8SncVU -resource-dir /usr/lib/llvm-15/lib/clang/15.0.7 -dependency-file CMakeFiles/cmTC_89e22.dir/CMakeCXXCompilerABI.cpp.o.d -MT CMakeFiles/cmTC_89e22.dir/CMakeCXXCompilerABI.cpp.o -sys-header-deps -internal-isystem /usr/bin/../lib/gcc/x86_64-linux-gnu/12/../../../../include/c++/12 -internal-isystem /usr/bin/../lib/gcc/x86_64-linux-gnu/12/../../../../include/x86_64-linux-gnu/c++/12 -internal-isystem /usr/bin/../lib/gcc/x86_64-linux-gnu/12/../../../../include/c++/12/backward -internal-isystem /usr/lib/llvm-15/lib/clang/15.0.7/include -internal-isystem /usr/local/include -internal-isystem /usr/bin/../lib/gcc/x86_64-linux-gnu/12/../../../../x86_64-linux-gnu/include -internal-externc-isystem /usr/include/x86_64-linux-gnu -internal-externc-isystem /include -internal-externc-isystem /usr/include -fdeprecated-macro -fdebug-compilation-dir=/mnt/c/code/build/CMakeFiles/CMakeScratch/TryCompile-8SncVU -ferror-limit 19 -fgnuc-version=4.2.1 -fcxx-exceptions -fexceptions -faddrsig -D__GCC_HAVE_DWARF2_CFI_ASM=1 -o CMakeFiles/cmTC_89e22.dir/CMakeCXXCompilerABI.cpp.o -x c++ /usr/share/cmake-3.25/Modules/CMakeCXXCompilerABI.cpp
clang -cc1 version 15.0.7 based upon LLVM 15.0.7 default target x86_64-pc-linux-gnu
ignoring nonexistent directory "/usr/bin/../lib/gcc/x86_64-linux-gnu/12/../../../../x86_64-linux-gnu/include"
ignoring nonexistent directory "/include"
#include "..." search starts here:
#include <...> search starts here:
 /usr/bin/../lib/gcc/x86_64-linux-gnu/12/../../../../include/c++/12
 /usr/bin/../lib/gcc/x86_64-linux-gnu/12/../../../../include/x86_64-linux-gnu/c++/12
 /usr/bin/../lib/gcc/x86_64-linux-gnu/12/../../../../include/c++/12/backward
 /usr/lib/llvm-15/lib/clang/15.0.7/include
 /usr/local/include
 /usr/include/x86_64-linux-gnu
 /usr/include
End of search list.
Linking CXX executable cmTC_89e22
/usr/bin/cmake -E cmake_link_script CMakeFiles/cmTC_89e22.dir/link.txt --verbose=1
/usr/bin/clang++  -v CMakeFiles/cmTC_89e22.dir/CMakeCXXCompilerABI.cpp.o -o cmTC_89e22 
Ubuntu clang version 15.0.7
Target: x86_64-pc-linux-gnu
Thread model: posix
InstalledDir: /usr/bin
Found candidate GCC installation: /usr/bin/../lib/gcc/x86_64-linux-gnu/12
Selected GCC installation: /usr/bin/../lib/gcc/x86_64-linux-gnu/12
Candidate multilib: .;@m64
Selected multilib: .;@m64
Found CUDA installation: /usr/local/cuda-12.6, version 
 "/usr/bin/ld" -pie --hash-style=both --build-id --eh-frame-hdr -m elf_x86_64 -dynamic-linker /lib64/ld-linux-x86-64.so.2 -o cmTC_89e22 /lib/x86_64-linux-gnu/Scrt1.o /lib/x86_64-linux-gnu/crti.o /usr/bin/../lib/gcc/x86_64-linux-gnu/12/crtbeginS.o -L/usr/bin/../lib/gcc/x86_64-linux-gnu/12 -L/usr/bin/../lib/gcc/x86_64-linux-gnu/12/../../../../lib64 -L/lib/x86_64-linux-gnu -L/lib/../lib64 -L/usr/lib/x86_64-linux-gnu -L/usr/lib/../lib64 -L/lib -L/usr/lib CMakeFiles/cmTC_89e22.dir/CMakeCXXCompilerABI.cpp.o -lstdc++ -lm -lgcc_s -lgcc -lc -lgcc_s -lgcc /usr/bin/../lib/gcc/x86_64-linux-gnu/12/crtendS.o /lib/x86_64-linux-gnu/crtn.o
gmake[1]: Leaving directory '/mnt/c/code/build/CMakeFiles/CMakeScratch/TryCompile-8SncVU'



Parsed CXX implicit include dir info from above output: rv=done
  found start of include info
  found start of implicit include info
    add: [/usr/bin/../lib/gcc/x86_64-linux-gnu/12/../../../../include/c++/12]
    add: [/usr/bin/../lib/gcc/x86_64-linux-gnu/12/../../../../include/x86_64-linux-gnu/c++/12]
    add: [/usr/bin/../lib/gcc/x86_64-linux-gnu/12/../../../../include/c++/12/backward]
    add: [/usr/lib/llvm-15/lib/clang/15.0.7/include]
    add: [/usr/local/include]
    add: [/usr/include/x86_64-linux-gnu]
    add: [/usr/include]
  end of search list found
  collapse include dir [/usr/bin/../lib/gcc/x86_64-linux-gnu/12/../../../../include/c++/12] ==> [/usr/include/c++/12]
  collapse include dir [/usr/bin/../lib/gcc/x86_64-linux-gnu/12/../../../../include/x86_64-linux-gnu/c++/12] ==> [/usr/include/x86_64-linux-gnu/c++/12]
  collapse include dir [/usr/bin/../lib/gcc/x86_64-linux-gnu/12/../../../../include/c++/12/backward] ==> [/usr/include/c++/12/backward]
  collapse include dir [/usr/lib/llvm-15/lib/clang/15.0.7/include] ==> [/usr/lib/llvm-15/lib/clang/15.0.7/include]
  collapse include dir [/usr/local/include] ==> [/usr/local/include]
  collapse include dir [/usr/include/x86_64-linux-gnu] ==> [/usr/include/x86_64-linux-gnu]
  collapse include dir [/usr/include] ==> [/usr/include]
  implicit include dirs: [/usr/include/c++/12;/usr/include/x86_64-linux-gnu/c++/12;/usr/include/c++/12/backward;/usr/lib/llvm-15/lib/clang/15.0.7/include;/usr/local/include;/usr/include/x86_64-linux-gnu;/usr/include]


Parsed CXX implicit link information from above output:
  link line regex: [^( *|.*[/\])(ld|CMAKE_LINK_STARTFILE-NOTFOUND|([^/\]+-)?ld|collect2)[^/\]*( |$)]
  ignore line: [Change Dir: /mnt/c/code/build/CMakeFiles/CMakeScratch/TryCompile-8SncVU]
  ignore line: []
  ignore line: [Run Build Command(s):/usr/bin/gmake -f Makefile cmTC_89e22/fast && /usr/bin/gmake  -f CMakeFiles/cmTC_89e22.dir/build.make CMakeFiles/cmTC_89e22.dir/build]
  ignore line: [gmake[1]: Entering directory '/mnt/c/code/build/CMakeFiles/CMakeScratch/TryCompile-8SncVU']
  ignore line: [Building CXX object CMakeFiles/cmTC_89e22.dir/CMakeCXXCompilerABI.cpp.o]
  ignore line: [/usr/bin/clang++   -v -MD -MT CMakeFiles/cmTC_89e22.dir/CMakeCXXCompilerABI.cpp.o -MF CMakeFiles/cmTC_89e22.dir/CMakeCXXCompilerABI.cpp.o.d -o CMakeFiles/cmTC_89e22.dir/CMakeCXXCompilerABI.cpp.o -c /usr/share/cmake-3.25/Modules/CMakeCXXCompilerABI.cpp]
  ignore line: [Ubuntu clang version 15.0.7]
  ignore line: [Target: x86_64-pc-linux-gnu]
  ignore line: [Thread model: posix]
  ignore line: [InstalledDir: /usr/bin]
  ignore line: [Found candidate GCC installation: /usr/bin/../lib/gcc/x86_64-linux-gnu/12]
  ignore line: [Selected GCC installation: /usr/bin/../lib/gcc/x86_64-linux-gnu/12]
  ignore line: [Candidate multilib: .]
  ignore line: [@m64]
  ignore line: [Selected multilib: .]
  ignore line: [@m64]
  ignore line: [Found CUDA installation: /usr/local/cuda-12.6  version ]
  ignore line: [ (in-process)]
  ignore line: [ "/usr/lib/llvm-15/bin/clang" -cc1 -triple x86_64-pc-linux-gnu -emit-obj -mrelax-all --mrelax-relocations -disable-free -clear-ast-before-backend -disable-llvm-verifier -discard-value-names -main-file-name CMakeCXXCompilerABI.cpp -mrelocation-model pic -pic-level 2 -pic-is-pie -mframe-pointer=all -fmath-errno -ffp-contract=on -fno-rounding-math -mconstructor-aliases -funwind-tables=2 -target-cpu x86-64 -tune-cpu generic -mllvm -treat-scalable-fixed-error-as-warning -debugger-tuning=gdb -v -fcoverage-compilation-dir=/mnt/c/code/build/CMakeFiles/CMakeScratch/TryCompile-8SncVU -resource-dir /usr/lib/llvm-15/lib/clang/15.0.7 -dependency-file CMakeFiles/cmTC_89e22.dir/CMakeCXXCompilerABI.cpp.o.d -MT CMakeFiles/cmTC_89e22.dir/CMakeCXXCompilerABI.cpp.o -sys-header-deps -internal-isystem /usr/bin/../lib/gcc/x86_64-linux-gnu/12/../../../../include/c++/12 -internal-isystem /usr/bin/../lib/gcc/x86_64-linux-gnu/12/../../../../include/x86_64-linux-gnu/c++/12 -internal-isystem /usr/bin/../lib/gcc/x86_64-linux-gnu/12/../../../../include/c++/12/backward -internal-isystem /usr/lib/llvm-15/lib/clang/15.0.7/include -internal-isystem /usr/local/include -internal-isystem /usr/bin/../lib/gcc/x86_64-linux-gnu/12/../../../../x86_64-linux-gnu/include -internal-externc-isystem /usr/include/x86_64-linux-gnu -internal-externc-isystem /include -internal-externc-isystem /usr/include -fdeprecated-macro -fdebug-compilation-dir=/mnt/c/code/build/CMakeFiles/CMakeScratch/TryCompile-8SncVU -ferror-limit 19 -fgnuc-version=4.2.1 -fcxx-exceptions -fexceptions -faddrsig -D__GCC_HAVE_DWARF2_CFI_ASM=1 -o CMakeFiles/cmTC_89e22.dir/CMakeCXXCompilerABI.cpp.o -x c++ /usr/share/cmake-3.25/Modules/CMakeCXXCompilerABI.cpp]
  ignore line: [clang -cc1 version 15.0.7 based upon LLVM 15.0.7 default target x86_64-pc-linux-gnu]
  ignore line: [ignoring nonexistent directory "/usr/bin/../lib/gcc/x86_64-linux-gnu/12/../../../../x86_64-linux-gnu/include"]
  ignore line: [ignoring nonexistent directory "/include"]
  ignore line: [#include "..." search starts here:]
  ignore line: [#include <...> search starts here:]
  ignore line: [ /usr/bin/../lib/gcc/x86_64-linux-gnu/12/../../../../include/c++/12]
  ignore line: [ /usr/bin/../lib/gcc/x86_64-linux-gnu/12/../../../../include/x86_64-linux-gnu/c++/12]
  ignore line: [ /usr/bin/../lib/gcc/x86_64-linux-gnu/12/../../../../include/c++/12/backward]
  ignore line: [ /usr/lib/llvm-15/lib/clang/15.0.7/include]
  ignore line: [ /usr/local/include]
  ignore line: [ /usr/include/x86_64-linux-gnu]
  ignore line: [ /usr/include]
  ignore line: [End of search list.]
  ignore line: [Linking CXX executable cmTC_89e22]
  ignore line: [/usr/bin/cmake -E cmake_link_script CMakeFiles/cmTC_89e22.dir/link.txt --verbose=1]
  ignore line: [/usr/bin/clang++  -v CMakeFiles/cmTC_89e22.dir/CMakeCXXCompilerABI.cpp.o -o cmTC_89e22 ]
  ignore line: [Ubuntu clang version 15.0.7]
  ignore line: [Target: x86_64-pc-linux-gnu]
  ignore line: [Thread model: posix]
  ignore line: [InstalledDir: /usr/bin]
  ignore line: [Found candidate GCC installation: /usr/bin/../lib/gcc/x86_64-linux-gnu/12]
  ignore line: [Selected GCC installation: /usr/bin/../lib/gcc/x86_64-linux-gnu/12]
  ignore line: [Candidate multilib: .]
  ignore line: [@m64]
  ignore line: [Selected multilib: .]
  ignore line: [@m64]
  ignore line: [Found CUDA installation: /usr/local/cuda-12.6  version ]
  link line: [ "/usr/bin/ld" -pie --hash-style=both --build-id --eh-frame-hdr -m elf_x86_64 -dynamic-linker /lib64/ld-linux-x86-64.so.2 -o cmTC_89e22 /lib/x86_64-linux-gnu/Scrt1.o /lib/x86_64-linux-gnu/crti.o /usr/bin/../lib/gcc/x86_64-linux-gnu/12/crtbeginS.o -L/usr/bin/../lib/gcc/x86_64-linux-gnu/12 -L/usr/bin/../lib/gcc/x86_64-linux-gnu/12/../../../../lib64 -L/lib/x86_64-linux-gnu -L/lib/../lib64 -L/usr/lib/x86_64-linux-gnu -L/usr/lib/../lib64 -L/lib -L/usr/lib CMakeFiles/cmTC_89e22.dir/CMakeCXXCompilerABI.cpp.o -lstdc++ -lm -lgcc_s -lgcc -lc -lgcc_s -lgcc /usr/bin/../lib/gcc/x86_64-linux-gnu/12/crtendS.o /lib/x86_64-linux-gnu/crtn.o]
    arg [/usr/bin/ld] ==> ignore
    arg [-pie] ==> ignore
    arg [--hash-style=both] ==> ignore
    arg [--build-id] ==> ignore
    arg [--eh-frame-hdr] ==> ignore
    arg [-m] ==> ignore
    arg [elf_x86_64] ==> ignore
    arg [-dynamic-linker] ==> ignore
    arg [/lib64/ld-linux-x86-64.so.2] ==> ignore
    arg [-o] ==> ignore
    arg [cmTC_89e22] ==> ignore
    arg [/lib/x86_64-linux-gnu/Scrt1.o] ==> obj [/lib/x86_64-linux-gnu/Scrt1.o]
    arg [/lib/x86_64-linux-gnu/crti.o] ==> obj [/lib/x86_64-linux-gnu/crti.o]
    arg [/usr/bin/../lib/gcc/x86_64-linux-gnu/12/crtbeginS.o] ==> obj [/usr/bin/../lib/gcc/x86_64-linux-gnu/12/crtbeginS.o]
    arg [-L/usr/bin/../lib/gcc/x86_64-linux-gnu/12] ==> dir [/usr/bin/../lib/gcc/x86_64-linux-gnu/12]
    arg [-L/usr/bin/../lib/gcc/x86_64-linux-gnu/12/../../../../lib64] ==> dir [/usr/bin/../lib/gcc/x86_64-linux-gnu/12/../../../../lib64]
    arg [-L/lib/x86_64-linux-gnu] ==> dir [/lib/x86_64-linux-gnu]
    arg [-L/lib/../lib64] ==> dir [/lib/../lib64]
    arg [-L/usr/lib/x86_64-linux-gnu] ==> dir [/usr/lib/x86_64-linux-gnu]
    arg [-L/usr/lib/../lib64] ==> dir [/usr/lib/../lib64]
    arg [-L/lib] ==> dir [/lib]
    arg [-L/usr/lib] ==> dir [/usr/lib]
    arg [CMakeFiles/cmTC_89e22.dir/CMakeCXXCompilerABI.cpp.o] ==> ignore
    arg [-lstdc++] ==> lib [stdc++]
    arg [-lm] ==> lib [m]
    arg [-lgcc_s] ==> lib [gcc_s]
    arg [-lgcc] ==> lib [gcc]
    arg [-lc] ==> lib [c]
    arg [-lgcc_s] ==> lib [gcc_s]
    arg [-lgcc] ==> lib [gcc]
    arg [/usr/bin/../lib/gcc/x86_64-linux-gnu/12/crtendS.o] ==> obj [/usr/bin/../lib/gcc/x86_64-linux-gnu/12/crtendS.o]
    arg [/lib/x86_64-linux-gnu/crtn.o] ==> obj [/lib/x86_64-linux-gnu/crtn.o]
  collapse obj [/usr/bin/../lib/gcc/x86_64-linux-gnu/12/crtbeginS.o] ==> [/usr/lib/gcc/x86_64-linux-gnu/12/crtbeginS.o]
  collapse obj [/usr/bin/../lib/gcc/x86_64-linux-gnu/12/crtendS.o] ==> [/usr/lib/gcc/x86_64-linux-gnu/12/crtendS.o]
  collapse library dir [/usr/bin/../lib/gcc/x86_64-linux-gnu/12] ==> [/usr/lib/gcc/x86_64-linux-gnu/12]
  collapse library dir [/usr/bin/../lib/gcc/x86_64-linux-gnu/12/../../../../lib64] ==> [/usr/lib64]
  collapse library dir [/lib/x86_64-linux-gnu] ==> [/lib/x86_64-linux-gnu]
  collapse library dir [/lib/../lib64] ==> [/lib64]
  collapse library dir [/usr/lib/x86_64-linux-gnu] ==> [/usr/lib/x86_64-linux-gnu]
  collapse library dir [/usr/lib/../lib64] ==> [/usr/lib64]
  collapse library dir [/lib] ==> [/lib]
  collapse library dir [/usr/lib] ==> [/usr/lib]
  implicit libs: [stdc++;m;gcc_s;gcc;c;gcc_s;gcc]
  implicit objs: [/lib/x86_64-linux-gnu/Scrt1.o;/lib/x86_64-linux-gnu/crti.o;/usr/lib/gcc/x86_64-linux-gnu/12/crtbeginS.o;/usr/lib/gcc/x86_64-linux-gnu/12/crtendS.o;/lib/x86_64-linux-gnu/crtn.o]
  implicit dirs: [/usr/lib/gcc/x86_64-linux-gnu/12;/usr/lib64;/lib/x86_64-linux-gnu;/lib64;/usr/lib/x86_64-linux-gnu;/lib;/usr/lib]
  implicit fwks: []


Performing C SOURCE FILE Test CMAKE_HAVE_LIBC_PTHREAD succeeded with the following output:
Change Dir: /mnt/c/code/build/CMakeFiles/CMakeScratch/TryCompile-kq1NAM

Run Build Command(s):/usr/bin/gmake -f Makefile cmTC_3f5c4/fast && /usr/bin/gmake  -f CMakeFiles/cmTC_3f5c4.dir/build.make CMakeFiles/cmTC_3f5c4.dir/build
gmake[1]: Entering directory '/mnt/c/code/build/CMakeFiles/CMakeScratch/TryCompile-kq1NAM'
Building C object CMakeFiles/cmTC_3f5c4.dir/src.c.o
/usr/bin/clang -DCMAKE_HAVE_LIBC_PTHREAD   -MD -MT CMakeFiles/cmTC_3f5c4.dir/src.c.o -MF CMakeFiles/cmTC_3f5c4.dir/src.c.o.d -o CMakeFiles/cmTC_3f5c4.dir/src.c.o -c /mnt/c/code/build/CMakeFiles/CMakeScratch/TryCompile-kq1NAM/src.c
Linking C executable cmTC_3f5c4
/usr/bin/cmake -E cmake_link_script CMakeFiles/cmTC_3f5c4.dir/link.txt --verbose=1
/usr/bin/clang CMakeFiles/cmTC_3f5c4.dir/src.c.o -o cmTC_3f5c4 
gmake[1]: Leaving directory '/mnt/c/code/build/CMakeFiles/CMakeScratch/TryCompile-kq1NAM'


Source file was:
#include <pthread.h>

static void* test_func(void* data)
{
  return data;
}

int main(void)
{
  pthread_t thread;
  pthread_create(&thread, NULL, test_func, NULL);
  pthread_detach(thread);
  pthread_cancel(thread);
  pthread_join(thread, NULL);
  pthread_atfork(NULL, NULL, NULL);
  pthread_exit(NULL);

  return 0;
}


Performing C++ SOURCE FILE Test HAVE_STDATOMIC succeeded with the following output:
Change Dir: /mnt/c/code/build/CMakeFiles/CMakeScratch/TryCompile-cxE5TA

Run Build Command(s):/usr/bin/gmake -f Makefile cmTC_db407/fast && /usr/bin/gmake  -f CMakeFiles/cmTC_db407.dir/build.make CMakeFiles/cmTC_db407.dir/build
gmake[1]: Entering directory '/mnt/c/code/build/CMakeFiles/CMakeScratch/TryCompile-cxE5TA'
Building CXX object CMakeFiles/cmTC_db407.dir/src.cxx.o
/usr/bin/clang++ -DHAVE_STDATOMIC   -MD -MT CMakeFiles/cmTC_db407.dir/src.cxx.o -MF CMakeFiles/cmTC_db407.dir/src.cxx.o.d -o CMakeFiles/cmTC_db407.dir/src.cxx.o -c /mnt/c/code/build/CMakeFiles/CMakeScratch/TryCompile-cxE5TA/src.cxx
Linking CXX executable cmTC_db407
/usr/bin/cmake -E cmake_link_script CMakeFiles/cmTC_db407.dir/link.txt --verbose=1
/usr/bin/clang++ CMakeFiles/cmTC_db407.dir/src.cxx.o -o cmTC_db407 
gmake[1]: Leaving directory '/mnt/c/code/build/CMakeFiles/CMakeScratch/TryCompile-cxE5TA'


Source file was:
#include <atomic>
#include <cstdint>

int main(int, char **)
{
    volatile std::atomic<char>    size_1;
    volatile std::atomic<short>   size_2;
    volatile std::atomic<int>     size_4;
    volatile std::atomic<int64_t> size_8;

    ++size_1;
    ++size_2;
    ++size_4;
    ++size_8;

    (void)size_1.load(std::memory_order_relaxed);
    (void)size_2.load(std::memory_order_relaxed);
    (void)size_4.load(std::memory_order_relaxed);
    (void)size_8.load(std::memory_order_relaxed);

    return 0;
}

The system is: Linux - 5.15.167.4-microsoft-standard-WSL2 - x86_64
Compiling the C compiler identification source file "CMakeCCompilerId.c" succeeded.
Compiler: /usr/bin/clang 
Build flags: 
Id flags:  

The output was:
0


Compilation of the C compiler identification source "CMakeCCompilerId.c" produced "a.out"

The C compiler identification is Clang, found in "/mnt/c/code/build/CMakeFiles/3.25.1/CompilerIdC/a.out"

Compiling the CXX compiler identification source file "CMakeCXXCompilerId.cpp" succeeded.
Compiler: /usr/bin/clang++ 
Build flags: 
Id flags:  

The output was:
0


Compilation of the CXX compiler identification source "CMakeCXXCompilerId.cpp" produced "a.out"

The CXX compiler identification is Clang, found in "/mnt/c/code/build/CMakeFiles/3.25.1/CompilerIdCXX/a.out"

Detecting C compiler ABI info compiled with the following output:
Change Dir: /mnt/c/code/build/CMakeFiles/CMakeScratch/TryCompile-CjjfSE

Run Build Command(s):/usr/bin/ninja cmTC_9ee80 && [1/2] Building C object CMakeFiles/cmTC_9ee80.dir/CMakeCCompilerABI.c.o
Ubuntu clang version 15.0.7
Target: x86_64-pc-linux-gnu
Thread model: posix
InstalledDir: /usr/bin
Found candidate GCC installation: /usr/bin/../lib/gcc/x86_64-linux-gnu/12
Selected GCC installation: /usr/bin/../lib/gcc/x86_64-linux-gnu/12
Candidate multilib: .;@m64
Selected multilib: .;@m64
Found CUDA installation: /usr/local/cuda-12.6, version 
 (in-process)
 "/usr/lib/llvm-15/bin/clang" -cc1 -triple x86_64-pc-linux-gnu -emit-obj -mrelax-all --mrelax-relocations -disable-free -clear-ast-before-backend -disable-llvm-verifier -discard-value-names -main-file-name CMakeCCompilerABI.c -mrelocation-model pic -pic-level 2 -pic-is-pie -mframe-pointer=all -fmath-errno -ffp-contract=on -fno-rounding-math -mconstructor-aliases -funwind-tables=2 -target-cpu x86-64 -tune-cpu generic -mllvm -treat-scalable-fixed-error-as-warning -debugger-tuning=gdb -v -fcoverage-compilation-dir=/mnt/c/code/build/CMakeFiles/CMakeScratch/TryCompile-CjjfSE -resource-dir /usr/lib/llvm-15/lib/clang/15.0.7 -dependency-file CMakeFiles/cmTC_9ee80.dir/CMakeCCompilerABI.c.o.d -MT CMakeFiles/cmTC_9ee80.dir/CMakeCCompilerABI.c.o -sys-header-deps -internal-isystem /usr/lib/llvm-15/lib/clang/15.0.7/include -internal-isystem /usr/local/include -internal-isystem /usr/bin/../lib/gcc/x86_64-linux-gnu/12/../../../../x86_64-linux-gnu/include -internal-externc-isystem /usr/include/x86_64-linux-gnu -internal-externc-isystem /include -internal-externc-isystem /usr/include -fdebug-compilation-dir=/mnt/c/code/build/CMakeFiles/CMakeScratch/TryCompile-CjjfSE -ferror-limit 19 -fgnuc-version=4.2.1 -faddrsig -D__GCC_HAVE_DWARF2_CFI_ASM=1 -o CMakeFiles/cmTC_9ee80.dir/CMakeCCompilerABI.c.o -x c /usr/share/cmake-3.25/Modules/CMakeCCompilerABI.c
clang -cc1 version 15.0.7 based upon LLVM 15.0.7 default target x86_64-pc-linux-gnu
ignoring nonexistent directory "/usr/bin/../lib/gcc/x86_64-linux-gnu/12/../../../../x86_64-linux-gnu/include"
ignoring nonexistent directory "/include"
#include "..." search starts here:
#include <...> search starts here:
 /usr/lib/llvm-15/lib/clang/15.0.7/include
 /usr/local/include
 /usr/include/x86_64-linux-gnu
 /usr/include
End of search list.
[2/2] Linking C executable cmTC_9ee80
Ubuntu clang version 15.0.7
Target: x86_64-pc-linux-gnu
Thread model: posix
InstalledDir: /usr/bin
Found candidate GCC installation: /usr/bin/../lib/gcc/x86_64-linux-gnu/12
Selected GCC installation: /usr/bin/../lib/gcc/x86_64-linux-gnu/12
Candidate multilib: .;@m64
Selected multilib: .;@m64
Found CUDA installation: /usr/local/cuda-12.6, version 
 "/usr/bin/ld" -pie --hash-style=both --build-id --eh-frame-hdr -m elf_x86_64 -dynamic-linker /lib64/ld-linux-x86-64.so.2 -o cmTC_9ee80 /lib/x86_64-linux-gnu/Scrt1.o /lib/x86_64-linux-gnu/crti.o /usr/bin/../lib/gcc/x86_64-linux-gnu/12/crtbeginS.o -L/usr/bin/../lib/gcc/x86_64-linux-gnu/12 -L/usr/bin/../lib/gcc/x86_64-linux-gnu/12/../../../../lib64 -L/lib/x86_64-linux-gnu -L/lib/../lib64 -L/usr/lib/x86_64-linux-gnu -L/usr/lib/../lib64 -L/lib -L/usr/lib CMakeFiles/cmTC_9ee80.dir/CMakeCCompilerABI.c.o -lgcc --as-needed -lgcc_s --no-as-needed -lc -lgcc --as-needed -lgcc_s --no-as-needed /usr/bin/../lib/gcc/x86_64-linux-gnu/12/crtendS.o /lib/x86_64-linux-gnu/crtn.o



Parsed C implicit include dir info from above output: rv=done
  found start of include info
  found start of implicit include info
    add: [/usr/lib/llvm-15/lib/clang/15.0.7/include]
    add: [/usr/local/include]
    add: [/usr/include/x86_64-linux-gnu]
    add: [/usr/include]
  end of search list found
  collapse include dir [/usr/lib/llvm-15/lib/clang/15.0.7/include] ==> [/usr/lib/llvm-15/lib/clang/15.0.7/include]
  collapse include dir [/usr/local/include] ==> [/usr/local/include]
  collapse include dir [/usr/include/x86_64-linux-gnu] ==> [/usr/include/x86_64-linux-gnu]
  collapse include dir [/usr/include] ==> [/usr/include]
  implicit include dirs: [/usr/lib/llvm-15/lib/clang/15.0.7/include;/usr/local/include;/usr/include/x86_64-linux-gnu;/usr/include]


Parsed C implicit link information from above output:
  link line regex: [^( *|.*[/\])(ld|CMAKE_LINK_STARTFILE-NOTFOUND|([^/\]+-)?ld|collect2)[^/\]*( |$)]
  ignore line: [Change Dir: /mnt/c/code/build/CMakeFiles/CMakeScratch/TryCompile-CjjfSE]
  ignore line: []
  ignore line: [Run Build Command(s):/usr/bin/ninja cmTC_9ee80 && [1/2] Building C object CMakeFiles/cmTC_9ee80.dir/CMakeCCompilerABI.c.o]
  ignore line: [Ubuntu clang version 15.0.7]
  ignore line: [Target: x86_64-pc-linux-gnu]
  ignore line: [Thread model: posix]
  ignore line: [InstalledDir: /usr/bin]
  ignore line: [Found candidate GCC installation: /usr/bin/../lib/gcc/x86_64-linux-gnu/12]
  ignore line: [Selected GCC installation: /usr/bin/../lib/gcc/x86_64-linux-gnu/12]
  ignore line: [Candidate multilib: .]
  ignore line: [@m64]
  ignore line: [Selected multilib: .]
  ignore line: [@m64]
  ignore line: [Found CUDA installation: /usr/local/cuda-12.6  version ]
  ignore line: [ (in-process)]
  ignore line: [ "/usr/lib/llvm-15/bin/clang" -cc1 -triple x86_64-pc-linux-gnu -emit-obj -mrelax-all --mrelax-relocations -disable-free -clear-ast-before-backend -disable-llvm-verifier -discard-value-names -main-file-name CMakeCCompilerABI.c -mrelocation-model pic -pic-level 2 -pic-is-pie -mframe-pointer=all -fmath-errno -ffp-contract=on -fno-rounding-math -mconstructor-aliases -funwind-tables=2 -target-cpu x86-64 -tune-cpu generic -mllvm -treat-scalable-fixed-error-as-warning -debugger-tuning=gdb -v -fcoverage-compilation-dir=/mnt/c/code/build/CMakeFiles/CMakeScratch/TryCompile-CjjfSE -resource-dir /usr/lib/llvm-15/lib/clang/15.0.7 -dependency-file CMakeFiles/cmTC_9ee80.dir/CMakeCCompilerABI.c.o.d -MT CMakeFiles/cmTC_9ee80.dir/CMakeCCompilerABI.c.o -sys-header-deps -internal-isystem /usr/lib/llvm-15/lib/clang/15.0.7/include -internal-isystem /usr/local/include -internal-isystem /usr/bin/../lib/gcc/x86_64-linux-gnu/12/../../../../x86_64-linux-gnu/include -internal-externc-isystem /usr/include/x86_64-linux-gnu -internal-externc-isystem /include -internal-externc-isystem /usr/include -fdebug-compilation-dir=/mnt/c/code/build/CMakeFiles/CMakeScratch/TryCompile-CjjfSE -ferror-limit 19 -fgnuc-version=4.2.1 -faddrsig -D__GCC_HAVE_DWARF2_CFI_ASM=1 -o CMakeFiles/cmTC_9ee80.dir/CMakeCCompilerABI.c.o -x c /usr/share/cmake-3.25/Modules/CMakeCCompilerABI.c]
  ignore line: [clang -cc1 version 15.0.7 based upon LLVM 15.0.7 default target x86_64-pc-linux-gnu]
  ignore line: [ignoring nonexistent directory "/usr/bin/../lib/gcc/x86_64-linux-gnu/12/../../../../x86_64-linux-gnu/include"]
  ignore line: [ignoring nonexistent directory "/include"]
  ignore line: [#include "..." search starts here:]
  ignore line: [#include <...> search starts here:]
  ignore line: [ /usr/lib/llvm-15/lib/clang/15.0.7/include]
  ignore line: [ /usr/local/include]
  ignore line: [ /usr/include/x86_64-linux-gnu]
  ignore line: [ /usr/include]
  ignore line: [End of search list.]
  ignore line: [[2/2] Linking C executable cmTC_9ee80]
  ignore line: [Ubuntu clang version 15.0.7]
  ignore line: [Target: x86_64-pc-linux-gnu]
  ignore line: [Thread model: posix]
  ignore line: [InstalledDir: /usr/bin]
  ignore line: [Found candidate GCC installation: /usr/bin/../lib/gcc/x86_64-linux-gnu/12]
  ignore line: [Selected GCC installation: /usr/bin/../lib/gcc/x86_64-linux-gnu/12]
  ignore line: [Candidate multilib: .]
  ignore line: [@m64]
  ignore line: [Selected multilib: .]
  ignore line: [@m64]
  ignore line: [Found CUDA installation: /usr/local/cuda-12.6  version ]
  link line: [ "/usr/bin/ld" -pie --hash-style=both --build-id --eh-frame-hdr -m elf_x86_64 -dynamic-linker /lib64/ld-linux-x86-64.so.2 -o cmTC_9ee80 /lib/x86_64-linux-gnu/Scrt1.o /lib/x86_64-linux-gnu/crti.o /usr/bin/../lib/gcc/x86_64-linux-gnu/12/crtbeginS.o -L/usr/bin/../lib/gcc/x86_64-linux-gnu/12 -L/usr/bin/../lib/gcc/x86_64-linux-gnu/12/../../../../lib64 -L/lib/x86_64-linux-gnu -L/lib/../lib64 -L/usr/lib/x86_64-linux-gnu -L/usr/lib/../lib64 -L/lib -L/usr/lib CMakeFiles/cmTC_9ee80.dir/CMakeCCompilerABI.c.o -lgcc --as-needed -lgcc_s --no-as-needed -lc -lgcc --as-needed -lgcc_s --no-as-needed /usr/bin/../lib/gcc/x86_64-linux-gnu/12/crtendS.o /lib/x86_64-linux-gnu/crtn.o]
    arg [/usr/bin/ld] ==> ignore
    arg [-pie] ==> ignore
    arg [--hash-style=both] ==> ignore
    arg [--build-id] ==> ignore
    arg [--eh-frame-hdr] ==> ignore
    arg [-m] ==> ignore
    arg [elf_x86_64] ==> ignore
    arg [-dynamic-linker] ==> ignore
    arg [/lib64/ld-linux-x86-64.so.2] ==> ignore
    arg [-o] ==> ignore
    arg [cmTC_9ee80] ==> ignore
    arg [/lib/x86_64-linux-gnu/Scrt1.o] ==> obj [/lib/x86_64-linux-gnu/Scrt1.o]
    arg [/lib/x86_64-linux-gnu/crti.o] ==> obj [/lib/x86_64-linux-gnu/crti.o]
    arg [/usr/bin/../lib/gcc/x86_64-linux-gnu/12/crtbeginS.o] ==> obj [/usr/bin/../lib/gcc/x86_64-linux-gnu/12/crtbeginS.o]
    arg [-L/usr/bin/../lib/gcc/x86_64-linux-gnu/12] ==> dir [/usr/bin/../lib/gcc/x86_64-linux-gnu/12]
    arg [-L/usr/bin/../lib/gcc/x86_64-linux-gnu/12/../../../../lib64] ==> dir [/usr/bin/../lib/gcc/x86_64-linux-gnu/12/../../../../lib64]
    arg [-L/lib/x86_64-linux-gnu] ==> dir [/lib/x86_64-linux-gnu]
    arg [-L/lib/../lib64] ==> dir [/lib/../lib64]
    arg [-L/usr/lib/x86_64-linux-gnu] ==> dir [/usr/lib/x86_64-linux-gnu]
    arg [-L/usr/lib/../lib64] ==> dir [/usr/lib/../lib64]
    arg [-L/lib] ==> dir [/lib]
    arg [-L/usr/lib] ==> dir [/usr/lib]
    arg [CMakeFiles/cmTC_9ee80.dir/CMakeCCompilerABI.c.o] ==> ignore
    arg [-lgcc] ==> lib [gcc]
    arg [--as-needed] ==> ignore
    arg [-lgcc_s] ==> lib [gcc_s]
    arg [--no-as-needed] ==> ignore
    arg [-lc] ==> lib [c]
    arg [-lgcc] ==> lib [gcc]
    arg [--as-needed] ==> ignore
    arg [-lgcc_s] ==> lib [gcc_s]
    arg [--no-as-needed] ==> ignore
    arg [/usr/bin/../lib/gcc/x86_64-linux-gnu/12/crtendS.o] ==> obj [/usr/bin/../lib/gcc/x86_64-linux-gnu/12/crtendS.o]
    arg [/lib/x86_64-linux-gnu/crtn.o] ==> obj [/lib/x86_64-linux-gnu/crtn.o]
  collapse obj [/usr/bin/../lib/gcc/x86_64-linux-gnu/12/crtbeginS.o] ==> [/usr/lib/gcc/x86_64-linux-gnu/12/crtbeginS.o]
  collapse obj [/usr/bin/../lib/gcc/x86_64-linux-gnu/12/crtendS.o] ==> [/usr/lib/gcc/x86_64-linux-gnu/12/crtendS.o]
  collapse library dir [/usr/bin/../lib/gcc/x86_64-linux-gnu/12] ==> [/usr/lib/gcc/x86_64-linux-gnu/12]
  collapse library dir [/usr/bin/../lib/gcc/x86_64-linux-gnu/12/../../../../lib64] ==> [/usr/lib64]
  collapse library dir [/lib/x86_64-linux-gnu] ==> [/lib/x86_64-linux-gnu]
  collapse library dir [/lib/../lib64] ==> [/lib64]
  collapse library dir [/usr/lib/x86_64-linux-gnu] ==> [/usr/lib/x86_64-linux-gnu]
  collapse library dir [/usr/lib/../lib64] ==> [/usr/lib64]
  collapse library dir [/lib] ==> [/lib]
  collapse library dir [/usr/lib] ==> [/usr/lib]
  implicit libs: [gcc;gcc_s;c;gcc;gcc_s]
  implicit objs: [/lib/x86_64-linux-gnu/Scrt1.o;/lib/x86_64-linux-gnu/crti.o;/usr/lib/gcc/x86_64-linux-gnu/12/crtbeginS.o;/usr/lib/gcc/x86_64-linux-gnu/12/crtendS.o;/lib/x86_64-linux-gnu/crtn.o]
  implicit dirs: [/usr/lib/gcc/x86_64-linux-gnu/12;/usr/lib64;/lib/x86_64-linux-gnu;/lib64;/usr/lib/x86_64-linux-gnu;/lib;/usr/lib]
  implicit fwks: []


Detecting CXX compiler ABI info compiled with the following output:
Change Dir: /mnt/c/code/build/CMakeFiles/CMakeScratch/TryCompile-ol5MS4

Run Build Command(s):/usr/bin/ninja cmTC_35a63 && [1/2] Building CXX object CMakeFiles/cmTC_35a63.dir/CMakeCXXCompilerABI.cpp.o
Ubuntu clang version 15.0.7
Target: x86_64-pc-linux-gnu
Thread model: posix
InstalledDir: /usr/bin
Found candidate GCC installation: /usr/bin/../lib/gcc/x86_64-linux-gnu/12
Selected GCC installation: /usr/bin/../lib/gcc/x86_64-linux-gnu/12
Candidate multilib: .;@m64
Selected multilib: .;@m64
Found CUDA installation: /usr/local/cuda-12.6, version 
 (in-process)
 "/usr/lib/llvm-15/bin/clang" -cc1 -triple x86_64-pc-linux-gnu -emit-obj -mrelax-all --mrelax-relocations -disable-free -clear-ast-before-backend -disable-llvm-verifier -discard-value-names -main-file-name CMakeCXXCompilerABI.cpp -mrelocation-model pic -pic-level 2 -pic-is-pie -mframe-pointer=all -fmath-errno -ffp-contract=on -fno-rounding-math -mconstructor-aliases -funwind-tables=2 -target-cpu x86-64 -tune-cpu generic -mllvm -treat-scalable-fixed-error-as-warning -debugger-tuning=gdb -v -fcoverage-compilation-dir=/mnt/c/code/build/CMakeFiles/CMakeScratch/TryCompile-ol5MS4 -resource-dir /usr/lib/llvm-15/lib/clang/15.0.7 -dependency-file CMakeFiles/cmTC_35a63.dir/CMakeCXXCompilerABI.cpp.o.d -MT CMakeFiles/cmTC_35a63.dir/CMakeCXXCompilerABI.cpp.o -sys-header-deps -internal-isystem /usr/bin/../lib/gcc/x86_64-linux-gnu/12/../../../../include/c++/12 -internal-isystem /usr/bin/../lib/gcc/x86_64-linux-gnu/12/../../../../include/x86_64-linux-gnu/c++/12 -internal-isystem /usr/bin/../lib/gcc/x86_64-linux-gnu/12/../../../../include/c++/12/backward -internal-isystem /usr/lib/llvm-15/lib/clang/15.0.7/include -internal-isystem /usr/local/include -internal-isystem /usr/bin/../lib/gcc/x86_64-linux-gnu/12/../../../../x86_64-linux-gnu/include -internal-externc-isystem /usr/include/x86_64-linux-gnu -internal-externc-isystem /include -internal-externc-isystem /usr/include -fdeprecated-macro -fdebug-compilation-dir=/mnt/c/code/build/CMakeFiles/CMakeScratch/TryCompile-ol5MS4 -ferror-limit 19 -fgnuc-version=4.2.1 -fcxx-exceptions -fexceptions -faddrsig -D__GCC_HAVE_DWARF2_CFI_ASM=1 -o CMakeFiles/cmTC_35a63.dir/CMakeCXXCompilerABI.cpp.o -x c++ /usr/share/cmake-3.25/Modules/CMakeCXXCompilerABI.cpp
clang -cc1 version 15.0.7 based upon LLVM 15.0.7 default target x86_64-pc-linux-gnu
ignoring nonexistent directory "/usr/bin/../lib/gcc/x86_64-linux-gnu/12/../../../../x86_64-linux-gnu/include"
ignoring nonexistent directory "/include"
#include "..." search starts here:
#include <...> search starts here:
 /usr/bin/../lib/gcc/x86_64-linux-gnu/12/../../../../include/c++/12
 /usr/bin/../lib/gcc/x86_64-linux-gnu/12/../../../../include/x86_64-linux-gnu/c++/12
 /usr/bin/../lib/gcc/x86_64-linux-gnu/12/../../../../include/c++/12/backward
 /usr/lib/llvm-15/lib/clang/15.0.7/include
 /usr/local/include
 /usr/include/x86_64-linux-gnu
 /usr/include
End of search list.
[2/2] Linking CXX executable cmTC_35a63
Ubuntu clang version 15.0.7
Target: x86_64-pc-linux-gnu
Thread model: posix
InstalledDir: /usr/bin
Found candidate GCC installation: /usr/bin/../lib/gcc/x86_64-linux-gnu/12
Selected GCC installation: /usr/bin/../lib/gcc/x86_64-linux-gnu/12
Candidate multilib: .;@m64
Selected multilib: .;@m64
Found CUDA installation: /usr/local/cuda-12.6, version 
 "/usr/bin/ld" -pie --hash-style=both --build-id --eh-frame-hdr -m elf_x86_64 -dynamic-linker /lib64/ld-linux-x86-64.so.2 -o cmTC_35a63 /lib/x86_64-linux-gnu/Scrt1.o /lib/x86_64-linux-gnu/crti.o /usr/bin/../lib/gcc/x86_64-linux-gnu/12/crtbeginS.o -L/usr/bin/../lib/gcc/x86_64-linux-gnu/12 -L/usr/bin/../lib/gcc/x86_64-linux-gnu/12/../../../../lib64 -L/lib/x86_64-linux-gnu -L/lib/../lib64 -L/usr/lib/x86_64-linux-gnu -L/usr/lib/../lib64 -L/lib -L/usr/lib CMakeFiles/cmTC_35a63.dir/CMakeCXXCompilerABI.cpp.o -lstdc++ -lm -lgcc_s -lgcc -lc -lgcc_s -lgcc /usr/bin/../lib/gcc/x86_64-linux-gnu/12/crtendS.o /lib/x86_64-linux-gnu/crtn.o



Parsed CXX implicit include dir info from above output: rv=done
  found start of include info
  found start of implicit include info
    add: [/usr/bin/../lib/gcc/x86_64-linux-gnu/12/../../../../include/c++/12]
    add: [/usr/bin/../lib/gcc/x86_64-linux-gnu/12/../../../../include/x86_64-linux-gnu/c++/12]
    add: [/usr/bin/../lib/gcc/x86_64-linux-gnu/12/../../../../include/c++/12/backward]
    add: [/usr/lib/llvm-15/lib/clang/15.0.7/include]
    add: [/usr/local/include]
    add: [/usr/include/x86_64-linux-gnu]
    add: [/usr/include]
  end of search list found
  collapse include dir [/usr/bin/../lib/gcc/x86_64-linux-gnu/12/../../../../include/c++/12] ==> [/usr/include/c++/12]
  collapse include dir [/usr/bin/../lib/gcc/x86_64-linux-gnu/12/../../../../include/x86_64-linux-gnu/c++/12] ==> [/usr/include/x86_64-linux-gnu/c++/12]
  collapse include dir [/usr/bin/../lib/gcc/x86_64-linux-gnu/12/../../../../include/c++/12/backward] ==> [/usr/include/c++/12/backward]
  collapse include dir [/usr/lib/llvm-15/lib/clang/15.0.7/include] ==> [/usr/lib/llvm-15/lib/clang/15.0.7/include]
  collapse include dir [/usr/local/include] ==> [/usr/local/include]
  collapse include dir [/usr/include/x86_64-linux-gnu] ==> [/usr/include/x86_64-linux-gnu]
  collapse include dir [/usr/include] ==> [/usr/include]
  implicit include dirs: [/usr/include/c++/12;/usr/include/x86_64-linux-gnu/c++/12;/usr/include/c++/12/backward;/usr/lib/llvm-15/lib/clang/15.0.7/include;/usr/local/include;/usr/include/x86_64-linux-gnu;/usr/include]


Parsed CXX implicit link information from above output:
  link line regex: [^( *|.*[/\])(ld|CMAKE_LINK_STARTFILE-NOTFOUND|([^/\]+-)?ld|collect2)[^/\]*( |$)]
  ignore line: [Change Dir: /mnt/c/code/build/CMakeFiles/CMakeScratch/TryCompile-ol5MS4]
  ignore line: []
  ignore line: [Run Build Command(s):/usr/bin/ninja cmTC_35a63 && [1/2] Building CXX object CMakeFiles/cmTC_35a63.dir/CMakeCXXCompilerABI.cpp.o]
  ignore line: [Ubuntu clang version 15.0.7]
  ignore line: [Target: x86_64-pc-linux-gnu]
  ignore line: [Thread model: posix]
  ignore line: [InstalledDir: /usr/bin]
  ignore line: [Found candidate GCC installation: /usr/bin/../lib/gcc/x86_64-linux-gnu/12]
  ignore line: [Selected GCC installation: /usr/bin/../lib/gcc/x86_64-linux-gnu/12]
  ignore line: [Candidate multilib: .]
  ignore line: [@m64]
  ignore line: [Selected multilib: .]
  ignore line: [@m64]
  ignore line: [Found CUDA installation: /usr/local/cuda-12.6  version ]
  ignore line: [ (in-process)]
  ignore line: [ "/usr/lib/llvm-15/bin/clang" -cc1 -triple x86_64-pc-linux-gnu -emit-obj -mrelax-all --mrelax-relocations -disable-free -clear-ast-before-backend -disable-llvm-verifier -discard-value-names -main-file-name CMakeCXXCompilerABI.cpp -mrelocation-model pic -pic-level 2 -pic-is-pie -mframe-pointer=all -fmath-errno -ffp-contract=on -fno-rounding-math -mconstructor-aliases -funwind-tables=2 -target-cpu x86-64 -tune-cpu generic -mllvm -treat-scalable-fixed-error-as-warning -debugger-tuning=gdb -v -fcoverage-compilation-dir=/mnt/c/code/build/CMakeFiles/CMakeScratch/TryCompile-ol5MS4 -resource-dir /usr/lib/llvm-15/lib/clang/15.0.7 -dependency-file CMakeFiles/cmTC_35a63.dir/CMakeCXXCompilerABI.cpp.o.d -MT CMakeFiles/cmTC_35a63.dir/CMakeCXXCompilerABI.cpp.o -sys-header-deps -internal-isystem /usr/bin/../lib/gcc/x86_64-linux-gnu/12/../../../../include/c++/12 -internal-isystem /usr/bin/../lib/gcc/x86_64-linux-gnu/12/../../../../include/x86_64-linux-gnu/c++/12 -internal-isystem /usr/bin/../lib/gcc/x86_64-linux-gnu/12/../../../../include/c++/12/backward -internal-isystem /usr/lib/llvm-15/lib/clang/15.0.7/include -internal-isystem /usr/local/include -internal-isystem /usr/bin/../lib/gcc/x86_64-linux-gnu/12/../../../../x86_64-linux-gnu/include -internal-externc-isystem /usr/include/x86_64-linux-gnu -internal-externc-isystem /include -internal-externc-isystem /usr/include -fdeprecated-macro -fdebug-compilation-dir=/mnt/c/code/build/CMakeFiles/CMakeScratch/TryCompile-ol5MS4 -ferror-limit 19 -fgnuc-version=4.2.1 -fcxx-exceptions -fexceptions -faddrsig -D__GCC_HAVE_DWARF2_CFI_ASM=1 -o CMakeFiles/cmTC_35a63.dir/CMakeCXXCompilerABI.cpp.o -x c++ /usr/share/cmake-3.25/Modules/CMakeCXXCompilerABI.cpp]
  ignore line: [clang -cc1 version 15.0.7 based upon LLVM 15.0.7 default target x86_64-pc-linux-gnu]
  ignore line: [ignoring nonexistent directory "/usr/bin/../lib/gcc/x86_64-linux-gnu/12/../../../../x86_64-linux-gnu/include"]
  ignore line: [ignoring nonexistent directory "/include"]
  ignore line: [#include "..." search starts here:]
  ignore line: [#include <...> search starts here:]
  ignore line: [ /usr/bin/../lib/gcc/x86_64-linux-gnu/12/../../../../include/c++/12]
  ignore line: [ /usr/bin/../lib/gcc/x86_64-linux-gnu/12/../../../../include/x86_64-linux-gnu/c++/12]
  ignore line: [ /usr/bin/../lib/gcc/x86_64-linux-gnu/12/../../../../include/c++/12/backward]
  ignore line: [ /usr/lib/llvm-15/lib/clang/15.0.7/include]
  ignore line: [ /usr/local/include]
  ignore line: [ /usr/include/x86_64-linux-gnu]
  ignore line: [ /usr/include]
  ignore line: [End of search list.]
  ignore line: [[2/2] Linking CXX executable cmTC_35a63]
  ignore line: [Ubuntu clang version 15.0.7]
  ignore line: [Target: x86_64-pc-linux-gnu]
  ignore line: [Thread model: posix]
  ignore line: [InstalledDir: /usr/bin]
  ignore line: [Found candidate GCC installation: /usr/bin/../lib/gcc/x86_64-linux-gnu/12]
  ignore line: [Selected GCC installation: /usr/bin/../lib/gcc/x86_64-linux-gnu/12]
  ignore line: [Candidate multilib: .]
  ignore line: [@m64]
  ignore line: [Selected multilib: .]
  ignore line: [@m64]
  ignore line: [Found CUDA installation: /usr/local/cuda-12.6  version ]
  link line: [ "/usr/bin/ld" -pie --hash-style=both --build-id --eh-frame-hdr -m elf_x86_64 -dynamic-linker /lib64/ld-linux-x86-64.so.2 -o cmTC_35a63 /lib/x86_64-linux-gnu/Scrt1.o /lib/x86_64-linux-gnu/crti.o /usr/bin/../lib/gcc/x86_64-linux-gnu/12/crtbeginS.o -L/usr/bin/../lib/gcc/x86_64-linux-gnu/12 -L/usr/bin/../lib/gcc/x86_64-linux-gnu/12/../../../../lib64 -L/lib/x86_64-linux-gnu -L/lib/../lib64 -L/usr/lib/x86_64-linux-gnu -L/usr/lib/../lib64 -L/lib -L/usr/lib CMakeFiles/cmTC_35a63.dir/CMakeCXXCompilerABI.cpp.o -lstdc++ -lm -lgcc_s -lgcc -lc -lgcc_s -lgcc /usr/bin/../lib/gcc/x86_64-linux-gnu/12/crtendS.o /lib/x86_64-linux-gnu/crtn.o]
    arg [/usr/bin/ld] ==> ignore
    arg [-pie] ==> ignore
    arg [--hash-style=both] ==> ignore
    arg [--build-id] ==> ignore
    arg [--eh-frame-hdr] ==> ignore
    arg [-m] ==> ignore
    arg [elf_x86_64] ==> ignore
    arg [-dynamic-linker] ==> ignore
    arg [/lib64/ld-linux-x86-64.so.2] ==> ignore
    arg [-o] ==> ignore
    arg [cmTC_35a63] ==> ignore
    arg [/lib/x86_64-linux-gnu/Scrt1.o] ==> obj [/lib/x86_64-linux-gnu/Scrt1.o]
    arg [/lib/x86_64-linux-gnu/crti.o] ==> obj [/lib/x86_64-linux-gnu/crti.o]
    arg [/usr/bin/../lib/gcc/x86_64-linux-gnu/12/crtbeginS.o] ==> obj [/usr/bin/../lib/gcc/x86_64-linux-gnu/12/crtbeginS.o]
    arg [-L/usr/bin/../lib/gcc/x86_64-linux-gnu/12] ==> dir [/usr/bin/../lib/gcc/x86_64-linux-gnu/12]
    arg [-L/usr/bin/../lib/gcc/x86_64-linux-gnu/12/../../../../lib64] ==> dir [/usr/bin/../lib/gcc/x86_64-linux-gnu/12/../../../../lib64]
    arg [-L/lib/x86_64-linux-gnu] ==> dir [/lib/x86_64-linux-gnu]
    arg [-L/lib/../lib64] ==> dir [/lib/../lib64]
    arg [-L/usr/lib/x86_64-linux-gnu] ==> dir [/usr/lib/x86_64-linux-gnu]
    arg [-L/usr/lib/../lib64] ==> dir [/usr/lib/../lib64]
    arg [-L/lib] ==> dir [/lib]
    arg [-L/usr/lib] ==> dir [/usr/lib]
    arg [CMakeFiles/cmTC_35a63.dir/CMakeCXXCompilerABI.cpp.o] ==> ignore
    arg [-lstdc++] ==> lib [stdc++]
    arg [-lm] ==> lib [m]
    arg [-lgcc_s] ==> lib [gcc_s]
    arg [-lgcc] ==> lib [gcc]
    arg [-lc] ==> lib [c]
    arg [-lgcc_s] ==> lib [gcc_s]
    arg [-lgcc] ==> lib [gcc]
    arg [/usr/bin/../lib/gcc/x86_64-linux-gnu/12/crtendS.o] ==> obj [/usr/bin/../lib/gcc/x86_64-linux-gnu/12/crtendS.o]
    arg [/lib/x86_64-linux-gnu/crtn.o] ==> obj [/lib/x86_64-linux-gnu/crtn.o]
  collapse obj [/usr/bin/../lib/gcc/x86_64-linux-gnu/12/crtbeginS.o] ==> [/usr/lib/gcc/x86_64-linux-gnu/12/crtbeginS.o]
  collapse obj [/usr/bin/../lib/gcc/x86_64-linux-gnu/12/crtendS.o] ==> [/usr/lib/gcc/x86_64-linux-gnu/12/crtendS.o]
  collapse library dir [/usr/bin/../lib/gcc/x86_64-linux-gnu/12] ==> [/usr/lib/gcc/x86_64-linux-gnu/12]
  collapse library dir [/usr/bin/../lib/gcc/x86_64-linux-gnu/12/../../../../lib64] ==> [/usr/lib64]
  collapse library dir [/lib/x86_64-linux-gnu] ==> [/lib/x86_64-linux-gnu]
  collapse library dir [/lib/../lib64] ==> [/lib64]
  collapse library dir [/usr/lib/x86_64-linux-gnu] ==> [/usr/lib/x86_64-linux-gnu]
  collapse library dir [/usr/lib/../lib64] ==> [/usr/lib64]
  collapse library dir [/lib] ==> [/lib]
  collapse library dir [/usr/lib] ==> [/usr/lib]
  implicit libs: [stdc++;m;gcc_s;gcc;c;gcc_s;gcc]
  implicit objs: [/lib/x86_64-linux-gnu/Scrt1.o;/lib/x86_64-linux-gnu/crti.o;/usr/lib/gcc/x86_64-linux-gnu/12/crtbeginS.o;/usr/lib/gcc/x86_64-linux-gnu/12/crtendS.o;/lib/x86_64-linux-gnu/crtn.o]
  implicit dirs: [/usr/lib/gcc/x86_64-linux-gnu/12;/usr/lib64;/lib/x86_64-linux-gnu;/lib64;/usr/lib/x86_64-linux-gnu;/lib;/usr/lib]
  implicit fwks: []


Performing C SOURCE FILE Test CMAKE_HAVE_LIBC_PTHREAD succeeded with the following output:
Change Dir: /mnt/c/code/build/CMakeFiles/CMakeScratch/TryCompile-wWCi8d

Run Build Command(s):/usr/bin/ninja cmTC_19542 && [1/2] Building C object CMakeFiles/cmTC_19542.dir/src.c.o
[2/2] Linking C executable cmTC_19542


Source file was:
#include <pthread.h>

static void* test_func(void* data)
{
  return data;
}

int main(void)
{
  pthread_t thread;
  pthread_create(&thread, NULL, test_func, NULL);
  pthread_detach(thread);
  pthread_cancel(thread);
  pthread_join(thread, NULL);
  pthread_atfork(NULL, NULL, NULL);
  pthread_exit(NULL);

  return 0;
}


Performing C++ SOURCE FILE Test HAVE_STDATOMIC succeeded with the following output:
Change Dir: /mnt/c/code/build/CMakeFiles/CMakeScratch/TryCompile-jjThKc

Run Build Command(s):/usr/bin/ninja cmTC_318d6 && [1/2] Building CXX object CMakeFiles/cmTC_318d6.dir/src.cxx.o
[2/2] Linking CXX executable cmTC_318d6


Source file was:
#include <atomic>
#include <cstdint>

int main(int, char **)
{
    volatile std::atomic<char>    size_1;
    volatile std::atomic<short>   size_2;
    volatile std::atomic<int>     size_4;
    volatile std::atomic<int64_t> size_8;

    ++size_1;
    ++size_2;
    ++size_4;
    ++size_8;

    (void)size_1.load(std::memory_order_relaxed);
    (void)size_2.load(std::memory_order_relaxed);
    (void)size_4.load(std::memory_order_relaxed);
    (void)size_8.load(std::memory_order_relaxed);

    return 0;
}

